2022-11-27 22:14:54,641 - MC_logger - INFO - Initialization of a MC object with the following parameters has been carried out.
{
    "N_experiments": 10,
    "parallel": {
        "n_jobs": 10,
        "verbose": 11
    },
    "experiment": {
        "cluster_number_range": [
            1,
            6
        ],
        "min_datapoints": 5,
        "cluster_size_range": [
            1,
            100
        ],
        "exp_scale_range": [
            0.001,
            1
        ],
        "norm_loc_range": [
            0.5,
            7
        ],
        "norm_scale_range": [
            0.1,
            1
        ]
    },
    "em": {
        "max_reiterations": 50,
        "em_algorithm": {
            "em_tol": 1e-05,
            "max_iter": 100,
            "min_mix_coef": 0.02,
            "abs_tol_params": 1e-08,
            "minimizer_options": {
                "maxiter": 100
            }
        }
    },
    "cluster_init": {
        "N_cluster_max": 3,
        "N_runs_per_clusternumber": 2,
        "init_routine": "random_inside"
    }
}
2022-11-27 22:14:58,822 - MC_logger - INFO - Starting the clustering of experimental data batch with init_routine random_inside.

2022-11-27 22:15:03,566 INFO     Experiment 3 has finished.
2022-11-27 22:15:04,223 INFO     Experiment 1 has finished.
2022-11-27 22:15:04,688 INFO     Experiment 5 has finished.
2022-11-27 22:15:05,435 INFO     Experiment 0 has finished.
2022-11-27 22:15:05,837 INFO     Experiment 2 has finished.
2022-11-27 22:15:06,460 INFO     Experiment 9 has finished.
2022-11-27 22:15:06,565 INFO     Experiment 6 has finished.
2022-11-27 22:15:07,348 INFO     Experiment 7 has finished.
2022-11-27 22:15:07,648 INFO     Experiment 8 has finished.
2022-11-27 22:15:07,713 INFO     Experiment 4 has finished.
2022-11-27 22:15:07,715 - MC_logger - INFO - Clustering with init routine random_inside has finished.
2022-11-27 22:15:07,715 - MC_logger - INFO - 
Clustering successfull; starting processing of results
2022-11-27 22:15:07,724 - MC_logger - INFO - Processing successfull - logger will be closed - END


